[0.015s] Invoking command in '/home/nihit/dev_ws/build/my_bot': CMAKE_PREFIX_PATH=${CMAKE_PREFIX_PATH}:/home/nihit/MobileBot/MobileBot/install/MobileBot:/opt/ros/humble /usr/bin/cmake /home/nihit/dev_ws/src/my_bot -DAMENT_CMAKE_SYMLINK_INSTALL=1 -DCMAKE_INSTALL_PREFIX=/home/nihit/dev_ws/install/my_bot
[0.099s] -- The C compiler identification is GNU 11.4.0
[0.193s] -- The CXX compiler identification is GNU 11.4.0
[0.205s] -- Detecting C compiler ABI info
[0.313s] -- Detecting C compiler ABI info - done
[0.327s] -- Check for working C compiler: /usr/bin/cc - skipped
[0.327s] -- Detecting C compile features
[0.328s] -- Detecting C compile features - done
[0.333s] -- Detecting CXX compiler ABI info
[0.463s] -- Detecting CXX compiler ABI info - done
[0.476s] -- Check for working CXX compiler: /usr/bin/c++ - skipped
[0.477s] -- Detecting CXX compile features
[0.478s] -- Detecting CXX compile features - done
[0.481s] -- Found ament_cmake: 1.3.11 (/opt/ros/humble/share/ament_cmake/cmake)
[0.758s] -- Found Python3: /usr/bin/python3 (found version "3.10.12") found components: Interpreter 
[0.873s] -- Override CMake install command with custom implementation using symlinks instead of copying resources
[0.910s] -- Found ament_lint_auto: 0.12.12 (/opt/ros/humble/share/ament_lint_auto/cmake)
[1.085s] -- Added test 'copyright' to check source files copyright and LICENSE
[1.093s] -- Added test 'flake8' to check Python code syntax and style conventions
[1.095s] -- Added test 'lint_cmake' to check CMake code style
[1.096s] -- Added test 'pep257' to check Python code against some of the docstring style conventions in PEP 257
[1.101s] -- Added test 'xmllint' to check XML markup files
[1.103s] -- Configuring done
[1.107s] -- Generating done
[1.110s] -- Build files have been written to: /home/nihit/dev_ws/build/my_bot
[1.117s] Invoked command in '/home/nihit/dev_ws/build/my_bot' returned '0': CMAKE_PREFIX_PATH=${CMAKE_PREFIX_PATH}:/home/nihit/MobileBot/MobileBot/install/MobileBot:/opt/ros/humble /usr/bin/cmake /home/nihit/dev_ws/src/my_bot -DAMENT_CMAKE_SYMLINK_INSTALL=1 -DCMAKE_INSTALL_PREFIX=/home/nihit/dev_ws/install/my_bot
[1.120s] Invoking command in '/home/nihit/dev_ws/build/my_bot': CMAKE_PREFIX_PATH=${CMAKE_PREFIX_PATH}:/home/nihit/MobileBot/MobileBot/install/MobileBot:/opt/ros/humble /usr/bin/cmake --build /home/nihit/dev_ws/build/my_bot -- -j8 -l8
[1.185s] Invoked command in '/home/nihit/dev_ws/build/my_bot' returned '0': CMAKE_PREFIX_PATH=${CMAKE_PREFIX_PATH}:/home/nihit/MobileBot/MobileBot/install/MobileBot:/opt/ros/humble /usr/bin/cmake --build /home/nihit/dev_ws/build/my_bot -- -j8 -l8
[1.201s] Invoking command in '/home/nihit/dev_ws/build/my_bot': CMAKE_PREFIX_PATH=${CMAKE_PREFIX_PATH}:/home/nihit/MobileBot/MobileBot/install/MobileBot:/opt/ros/humble /usr/bin/cmake --install /home/nihit/dev_ws/build/my_bot
[1.213s] -- Install configuration: ""
[1.214s] -- Execute custom install script
[1.214s] -- Symlinking: /home/nihit/dev_ws/install/my_bot/share/my_bot/config/empty.yaml
[1.230s] -- Symlinking: /home/nihit/dev_ws/install/my_bot/share/my_bot/description/robot.urdf.xacro
[1.245s] -- Symlinking: /home/nihit/dev_ws/install/my_bot/share/my_bot/launch/rsp.launch.py
[1.260s] -- Symlinking: /home/nihit/dev_ws/install/my_bot/share/my_bot/worlds/empty.world
[1.275s] -- Symlinking: /home/nihit/dev_ws/install/my_bot/share/ament_index/resource_index/package_run_dependencies/my_bot
[1.290s] -- Symlinking: /home/nihit/dev_ws/install/my_bot/share/ament_index/resource_index/parent_prefix_path/my_bot
[1.305s] -- Symlinking: /home/nihit/dev_ws/install/my_bot/share/my_bot/environment/ament_prefix_path.sh
[1.320s] -- Symlinking: /home/nihit/dev_ws/install/my_bot/share/my_bot/environment/ament_prefix_path.dsv
[1.335s] -- Symlinking: /home/nihit/dev_ws/install/my_bot/share/my_bot/environment/path.sh
[1.350s] -- Symlinking: /home/nihit/dev_ws/install/my_bot/share/my_bot/environment/path.dsv
[1.365s] -- Symlinking: /home/nihit/dev_ws/install/my_bot/share/my_bot/local_setup.bash
[1.380s] -- Symlinking: /home/nihit/dev_ws/install/my_bot/share/my_bot/local_setup.sh
[1.395s] -- Symlinking: /home/nihit/dev_ws/install/my_bot/share/my_bot/local_setup.zsh
[1.409s] -- Symlinking: /home/nihit/dev_ws/install/my_bot/share/my_bot/local_setup.dsv
[1.424s] -- Symlinking: /home/nihit/dev_ws/install/my_bot/share/my_bot/package.dsv
[1.439s] -- Symlinking: /home/nihit/dev_ws/install/my_bot/share/ament_index/resource_index/packages/my_bot
[1.454s] -- Symlinking: /home/nihit/dev_ws/install/my_bot/share/my_bot/cmake/my_botConfig.cmake
[1.469s] -- Symlinking: /home/nihit/dev_ws/install/my_bot/share/my_bot/cmake/my_botConfig-version.cmake
[1.483s] -- Symlinking: /home/nihit/dev_ws/install/my_bot/share/my_bot/package.xml
[1.501s] Invoked command in '/home/nihit/dev_ws/build/my_bot' returned '0': CMAKE_PREFIX_PATH=${CMAKE_PREFIX_PATH}:/home/nihit/MobileBot/MobileBot/install/MobileBot:/opt/ros/humble /usr/bin/cmake --install /home/nihit/dev_ws/build/my_bot
