[0.026s] Invoking command in '/home/nihit/dev_ws/build/my_bot': CMAKE_PREFIX_PATH=${CMAKE_PREFIX_PATH}:/home/nihit/MobileBot/MobileBot/install/MobileBot:/opt/ros/humble /usr/bin/cmake /home/nihit/dev_ws/src/my_bot -DAMENT_CMAKE_SYMLINK_INSTALL=1 -DCMAKE_INSTALL_PREFIX=/home/nihit/dev_ws/install/my_bot
[0.110s] -- Found ament_cmake: 1.3.11 (/opt/ros/humble/share/ament_cmake/cmake)
[0.472s] -- Override CMake install command with custom implementation using symlinks instead of copying resources
[0.512s] -- Found ament_lint_auto: 0.12.12 (/opt/ros/humble/share/ament_lint_auto/cmake)
[0.791s] -- Added test 'copyright' to check source files copyright and LICENSE
[0.806s] -- Added test 'flake8' to check Python code syntax and style conventions
[0.808s] -- Added test 'lint_cmake' to check CMake code style
[0.810s] -- Added test 'pep257' to check Python code against some of the docstring style conventions in PEP 257
[0.817s] -- Added test 'xmllint' to check XML markup files
[0.821s] -- Configuring done
[0.831s] -- Generating done
[0.836s] -- Build files have been written to: /home/nihit/dev_ws/build/my_bot
[0.844s] Invoked command in '/home/nihit/dev_ws/build/my_bot' returned '0': CMAKE_PREFIX_PATH=${CMAKE_PREFIX_PATH}:/home/nihit/MobileBot/MobileBot/install/MobileBot:/opt/ros/humble /usr/bin/cmake /home/nihit/dev_ws/src/my_bot -DAMENT_CMAKE_SYMLINK_INSTALL=1 -DCMAKE_INSTALL_PREFIX=/home/nihit/dev_ws/install/my_bot
[0.850s] Invoking command in '/home/nihit/dev_ws/build/my_bot': CMAKE_PREFIX_PATH=${CMAKE_PREFIX_PATH}:/home/nihit/MobileBot/MobileBot/install/MobileBot:/opt/ros/humble /usr/bin/cmake --build /home/nihit/dev_ws/build/my_bot -- -j8 -l8
[0.945s] Invoked command in '/home/nihit/dev_ws/build/my_bot' returned '0': CMAKE_PREFIX_PATH=${CMAKE_PREFIX_PATH}:/home/nihit/MobileBot/MobileBot/install/MobileBot:/opt/ros/humble /usr/bin/cmake --build /home/nihit/dev_ws/build/my_bot -- -j8 -l8
[0.970s] Invoking command in '/home/nihit/dev_ws/build/my_bot': CMAKE_PREFIX_PATH=${CMAKE_PREFIX_PATH}:/home/nihit/MobileBot/MobileBot/install/MobileBot:/opt/ros/humble /usr/bin/cmake --install /home/nihit/dev_ws/build/my_bot
[0.988s] -- Install configuration: ""
[0.989s] -- Execute custom install script
[0.990s] -- Up-to-date symlink: /home/nihit/dev_ws/install/my_bot/share/my_bot/config/empty.yaml
[0.991s] -- Up-to-date symlink: /home/nihit/dev_ws/install/my_bot/share/my_bot/description/colours.xacro
[0.991s] -- Up-to-date symlink: /home/nihit/dev_ws/install/my_bot/share/my_bot/description/robot.urdf.xacro
[0.991s] -- Up-to-date symlink: /home/nihit/dev_ws/install/my_bot/share/my_bot/description/robot_core.xacro
[0.992s] -- Up-to-date symlink: /home/nihit/dev_ws/install/my_bot/share/my_bot/launch/rsp.launch.py
[0.993s] -- Up-to-date symlink: /home/nihit/dev_ws/install/my_bot/share/my_bot/worlds/empty.world
[0.993s] -- Up-to-date symlink: /home/nihit/dev_ws/install/my_bot/share/ament_index/resource_index/package_run_dependencies/my_bot
[0.994s] -- Up-to-date symlink: /home/nihit/dev_ws/install/my_bot/share/ament_index/resource_index/parent_prefix_path/my_bot
[0.994s] -- Up-to-date symlink: /home/nihit/dev_ws/install/my_bot/share/my_bot/environment/ament_prefix_path.sh
[0.994s] -- Up-to-date symlink: /home/nihit/dev_ws/install/my_bot/share/my_bot/environment/ament_prefix_path.dsv
[0.995s] -- Up-to-date symlink: /home/nihit/dev_ws/install/my_bot/share/my_bot/environment/path.sh
[0.995s] -- Up-to-date symlink: /home/nihit/dev_ws/install/my_bot/share/my_bot/environment/path.dsv
[0.996s] -- Up-to-date symlink: /home/nihit/dev_ws/install/my_bot/share/my_bot/local_setup.bash
[0.997s] -- Up-to-date symlink: /home/nihit/dev_ws/install/my_bot/share/my_bot/local_setup.sh
[0.997s] -- Up-to-date symlink: /home/nihit/dev_ws/install/my_bot/share/my_bot/local_setup.zsh
[0.998s] -- Up-to-date symlink: /home/nihit/dev_ws/install/my_bot/share/my_bot/local_setup.dsv
[0.998s] -- Symlinking: /home/nihit/dev_ws/install/my_bot/share/my_bot/package.dsv
[1.026s] -- Up-to-date symlink: /home/nihit/dev_ws/install/my_bot/share/ament_index/resource_index/packages/my_bot
[1.027s] -- Up-to-date symlink: /home/nihit/dev_ws/install/my_bot/share/my_bot/cmake/my_botConfig.cmake
[1.027s] -- Up-to-date symlink: /home/nihit/dev_ws/install/my_bot/share/my_bot/cmake/my_botConfig-version.cmake
[1.027s] -- Up-to-date symlink: /home/nihit/dev_ws/install/my_bot/share/my_bot/package.xml
[1.031s] Invoked command in '/home/nihit/dev_ws/build/my_bot' returned '0': CMAKE_PREFIX_PATH=${CMAKE_PREFIX_PATH}:/home/nihit/MobileBot/MobileBot/install/MobileBot:/opt/ros/humble /usr/bin/cmake --install /home/nihit/dev_ws/build/my_bot
