[0.017s] Invoking command in '/home/nihit/dev_ws/build/my_bot': CMAKE_PREFIX_PATH=${CMAKE_PREFIX_PATH}:/home/nihit/MobileBot/MobileBot/install/MobileBot:/opt/ros/humble /usr/bin/cmake /home/nihit/dev_ws/src/my_bot -DCMAKE_INSTALL_PREFIX=/home/nihit/dev_ws/install/my_bot
[0.042s] -- Found ament_cmake: 1.3.11 (/opt/ros/humble/share/ament_cmake/cmake)
[0.284s] -- Override CMake install command with custom implementation using symlinks instead of copying resources
[0.305s] -- Found ament_lint_auto: 0.12.12 (/opt/ros/humble/share/ament_lint_auto/cmake)
[0.479s] -- Added test 'copyright' to check source files copyright and LICENSE
[0.489s] -- Added test 'flake8' to check Python code syntax and style conventions
[0.491s] -- Added test 'lint_cmake' to check CMake code style
[0.492s] -- Added test 'pep257' to check Python code against some of the docstring style conventions in PEP 257
[0.497s] -- Added test 'xmllint' to check XML markup files
[0.500s] -- Configuring done
[0.506s] -- Generating done
[0.508s] -- Build files have been written to: /home/nihit/dev_ws/build/my_bot
[0.513s] Invoked command in '/home/nihit/dev_ws/build/my_bot' returned '0': CMAKE_PREFIX_PATH=${CMAKE_PREFIX_PATH}:/home/nihit/MobileBot/MobileBot/install/MobileBot:/opt/ros/humble /usr/bin/cmake /home/nihit/dev_ws/src/my_bot -DCMAKE_INSTALL_PREFIX=/home/nihit/dev_ws/install/my_bot
[0.516s] Invoking command in '/home/nihit/dev_ws/build/my_bot': CMAKE_PREFIX_PATH=${CMAKE_PREFIX_PATH}:/home/nihit/MobileBot/MobileBot/install/MobileBot:/opt/ros/humble /usr/bin/cmake --build /home/nihit/dev_ws/build/my_bot -- -j8 -l8
[0.576s] Invoked command in '/home/nihit/dev_ws/build/my_bot' returned '0': CMAKE_PREFIX_PATH=${CMAKE_PREFIX_PATH}:/home/nihit/MobileBot/MobileBot/install/MobileBot:/opt/ros/humble /usr/bin/cmake --build /home/nihit/dev_ws/build/my_bot -- -j8 -l8
[0.592s] Invoking command in '/home/nihit/dev_ws/build/my_bot': CMAKE_PREFIX_PATH=${CMAKE_PREFIX_PATH}:/home/nihit/MobileBot/MobileBot/install/MobileBot:/opt/ros/humble /usr/bin/cmake --install /home/nihit/dev_ws/build/my_bot
[0.603s] -- Install configuration: ""
[0.603s] -- Execute custom install script
[0.604s] -- Up-to-date symlink: /home/nihit/dev_ws/install/my_bot/share/my_bot/config/empty.yaml
[0.604s] -- Up-to-date symlink: /home/nihit/dev_ws/install/my_bot/share/my_bot/description/colours.xacro
[0.605s] -- Up-to-date symlink: /home/nihit/dev_ws/install/my_bot/share/my_bot/description/robot.urdf.xacro
[0.605s] -- Up-to-date symlink: /home/nihit/dev_ws/install/my_bot/share/my_bot/description/robot_core.xacro
[0.605s] -- Up-to-date symlink: /home/nihit/dev_ws/install/my_bot/share/my_bot/launch/rsp.launch.py
[0.605s] -- Up-to-date symlink: /home/nihit/dev_ws/install/my_bot/share/my_bot/worlds/empty.world
[0.606s] -- Up-to-date symlink: /home/nihit/dev_ws/install/my_bot/share/ament_index/resource_index/package_run_dependencies/my_bot
[0.606s] -- Up-to-date symlink: /home/nihit/dev_ws/install/my_bot/share/ament_index/resource_index/parent_prefix_path/my_bot
[0.606s] -- Up-to-date symlink: /home/nihit/dev_ws/install/my_bot/share/my_bot/environment/ament_prefix_path.sh
[0.606s] -- Up-to-date symlink: /home/nihit/dev_ws/install/my_bot/share/my_bot/environment/ament_prefix_path.dsv
[0.607s] -- Up-to-date symlink: /home/nihit/dev_ws/install/my_bot/share/my_bot/environment/path.sh
[0.607s] -- Up-to-date symlink: /home/nihit/dev_ws/install/my_bot/share/my_bot/environment/path.dsv
[0.607s] -- Up-to-date symlink: /home/nihit/dev_ws/install/my_bot/share/my_bot/local_setup.bash
[0.607s] -- Up-to-date symlink: /home/nihit/dev_ws/install/my_bot/share/my_bot/local_setup.sh
[0.608s] -- Up-to-date symlink: /home/nihit/dev_ws/install/my_bot/share/my_bot/local_setup.zsh
[0.608s] -- Up-to-date symlink: /home/nihit/dev_ws/install/my_bot/share/my_bot/local_setup.dsv
[0.608s] -- Symlinking: /home/nihit/dev_ws/install/my_bot/share/my_bot/package.dsv
[0.622s] -- Up-to-date symlink: /home/nihit/dev_ws/install/my_bot/share/ament_index/resource_index/packages/my_bot
[0.623s] -- Up-to-date symlink: /home/nihit/dev_ws/install/my_bot/share/my_bot/cmake/my_botConfig.cmake
[0.623s] -- Up-to-date symlink: /home/nihit/dev_ws/install/my_bot/share/my_bot/cmake/my_botConfig-version.cmake
[0.623s] -- Up-to-date symlink: /home/nihit/dev_ws/install/my_bot/share/my_bot/package.xml
[0.626s] Invoked command in '/home/nihit/dev_ws/build/my_bot' returned '0': CMAKE_PREFIX_PATH=${CMAKE_PREFIX_PATH}:/home/nihit/MobileBot/MobileBot/install/MobileBot:/opt/ros/humble /usr/bin/cmake --install /home/nihit/dev_ws/build/my_bot
