[0.018s] Invoking command in '/home/nihit/dev_ws/build/my_bot': CMAKE_PREFIX_PATH=${CMAKE_PREFIX_PATH}:/home/nihit/MobileBot/MobileBot/install/MobileBot:/opt/ros/humble /usr/bin/cmake --build /home/nihit/dev_ws/build/my_bot -- -j8 -l8
[0.087s] Invoked command in '/home/nihit/dev_ws/build/my_bot' returned '0': CMAKE_PREFIX_PATH=${CMAKE_PREFIX_PATH}:/home/nihit/MobileBot/MobileBot/install/MobileBot:/opt/ros/humble /usr/bin/cmake --build /home/nihit/dev_ws/build/my_bot -- -j8 -l8
[0.104s] Invoking command in '/home/nihit/dev_ws/build/my_bot': CMAKE_PREFIX_PATH=${CMAKE_PREFIX_PATH}:/home/nihit/MobileBot/MobileBot/install/MobileBot:/opt/ros/humble /usr/bin/cmake --install /home/nihit/dev_ws/build/my_bot
[0.116s] -- Install configuration: ""
[0.117s] -- Execute custom install script
[0.118s] -- Up-to-date symlink: /home/nihit/dev_ws/install/my_bot/share/my_bot/config/empty.yaml
[0.118s] -- Up-to-date symlink: /home/nihit/dev_ws/install/my_bot/share/my_bot/description/colours.xacro
[0.119s] -- Up-to-date symlink: /home/nihit/dev_ws/install/my_bot/share/my_bot/description/inertial_macros.xacro
[0.119s] -- Up-to-date symlink: /home/nihit/dev_ws/install/my_bot/share/my_bot/description/robot.urdf.xacro
[0.119s] -- Up-to-date symlink: /home/nihit/dev_ws/install/my_bot/share/my_bot/description/robot_core.xacro
[0.119s] -- Up-to-date symlink: /home/nihit/dev_ws/install/my_bot/share/my_bot/launch/rsp.launch.py
[0.120s] -- Up-to-date symlink: /home/nihit/dev_ws/install/my_bot/share/my_bot/worlds/empty.world
[0.121s] -- Up-to-date symlink: /home/nihit/dev_ws/install/my_bot/share/ament_index/resource_index/package_run_dependencies/my_bot
[0.121s] -- Up-to-date symlink: /home/nihit/dev_ws/install/my_bot/share/ament_index/resource_index/parent_prefix_path/my_bot
[0.121s] -- Up-to-date symlink: /home/nihit/dev_ws/install/my_bot/share/my_bot/environment/ament_prefix_path.sh
[0.122s] -- Up-to-date symlink: /home/nihit/dev_ws/install/my_bot/share/my_bot/environment/ament_prefix_path.dsv
[0.122s] -- Up-to-date symlink: /home/nihit/dev_ws/install/my_bot/share/my_bot/environment/path.sh
[0.122s] -- Up-to-date symlink: /home/nihit/dev_ws/install/my_bot/share/my_bot/environment/path.dsv
[0.122s] -- Up-to-date symlink: /home/nihit/dev_ws/install/my_bot/share/my_bot/local_setup.bash
[0.123s] -- Up-to-date symlink: /home/nihit/dev_ws/install/my_bot/share/my_bot/local_setup.sh
[0.123s] -- Up-to-date symlink: /home/nihit/dev_ws/install/my_bot/share/my_bot/local_setup.zsh
[0.123s] -- Up-to-date symlink: /home/nihit/dev_ws/install/my_bot/share/my_bot/local_setup.dsv
[0.123s] -- Symlinking: /home/nihit/dev_ws/install/my_bot/share/my_bot/package.dsv
[0.140s] -- Up-to-date symlink: /home/nihit/dev_ws/install/my_bot/share/ament_index/resource_index/packages/my_bot
[0.141s] -- Up-to-date symlink: /home/nihit/dev_ws/install/my_bot/share/my_bot/cmake/my_botConfig.cmake
[0.141s] -- Up-to-date symlink: /home/nihit/dev_ws/install/my_bot/share/my_bot/cmake/my_botConfig-version.cmake
[0.142s] -- Up-to-date symlink: /home/nihit/dev_ws/install/my_bot/share/my_bot/package.xml
[0.145s] Invoked command in '/home/nihit/dev_ws/build/my_bot' returned '0': CMAKE_PREFIX_PATH=${CMAKE_PREFIX_PATH}:/home/nihit/MobileBot/MobileBot/install/MobileBot:/opt/ros/humble /usr/bin/cmake --install /home/nihit/dev_ws/build/my_bot
